Flutter crash report.
Please report a bug at https://github.com/flutter/flutter/issues.

## command

flutter run -d chrome

## exception

PathAccessException: PathAccessException: Cannot delete file, path = 'build\flutter_assets\shaders/ink_sparkle.frag.spirv' (OS Error: The process cannot access the file because it is being used by another process.
, errno = 32)

```
#0      _File.throwIfError (dart:io/file_impl.dart:675:7)
#1      _File._deleteSync (dart:io/file_impl.dart:329:5)
#2      FileSystemEntity.deleteSync (dart:io/file_system_entity.dart:407:7)
#3      ForwardingFileSystemEntity.deleteSync (package:file/src/forwarding/forwarding_file_system_entity.dart:70:16)
#4      ForwardingFileSystemEntity.deleteSync (package:file/src/forwarding/forwarding_file_system_entity.dart:70:16)
#5      ErrorHandlingFileSystem.deleteIfExists (package:flutter_tools/src/base/error_handling_io.dart:80:12)
#6      ShaderCompiler.compileShader (package:flutter_tools/src/build_system/targets/shader_compiler.dart:209:29)
<asynchronous suspension>
#7      writeBundle.<anonymous closure> (package:flutter_tools/src/bundle_builder.dart:195:25)
<asynchronous suspension>
#8      Future.wait.<anonymous closure> (dart:async/future.dart:518:21)
<asynchronous suspension>
#9      writeBundle (package:flutter_tools/src/bundle_builder.dart:173:3)
<asynchronous suspension>
#10     WebDevFS.update (package:flutter_tools/src/isolated/devfs_web.dart:883:9)
<asynchronous suspension>
#11     ResidentWebRunner._updateDevFS (package:flutter_tools/src/isolated/resident_web_runner.dart:549:35)
<asynchronous suspension>
#12     ResidentWebRunner.run.<anonymous closure> (package:flutter_tools/src/isolated/resident_web_runner.dart:319:41)
<asynchronous suspension>
#13     asyncGuard.<anonymous closure> (package:flutter_tools/src/base/async_guard.dart:111:24)
<asynchronous suspension>
```

## flutter doctor

```
[32m[✓][39m Flutter (Channel stable, 3.19.6, on Microsoft Windows
    [Version 10.0.22631.3527], locale en-US)
    [32m•[39m Flutter version 3.19.6 on channel stable at
      D:\flutter\flutter
    [32m•[39m Upstream repository
      https://github.com/flutter/flutter.git
    [32m•[39m Framework revision 54e66469a9 (3 weeks ago), 2024-04-17
      13:08:03 -0700
    [32m•[39m Engine revision c4cd48e186
    [32m•[39m Dart version 3.3.4
    [32m•[39m DevTools version 2.31.1

[32m[✓][39m Windows Version (Installed version of Windows is version
    10 or higher)

[32m[✓][39m Android toolchain - develop for Android devices (Android
    SDK version 34.0.0)
    [32m•[39m Android SDK at C:\Users\hatsu\AppData\Local\Android\sdk
    [32m•[39m Platform android-34, build-tools 34.0.0
    [32m•[39m Java binary at: C:\Program Files\Common
      Files\Oracle\Java\javapath\java.exe
    [32m•[39m Java version Java(TM) SE Runtime Environment (build
      21.0.1+12-LTS-29)
    [32m•[39m All Android licenses accepted.

[32m[✓][39m Chrome - develop for the web
    [32m•[39m Chrome at C:\Program
      Files\Google\Chrome\Application\chrome.exe

[33m[!][39m Visual Studio - develop Windows apps (Visual Studio
    Community 2022 17.8.6)
    [32m•[39m Visual Studio at C:\Program Files\Microsoft Visual
      Studio\2022\Community
    [32m•[39m Visual Studio Community 2022 version 17.8.34525.116
    [31m✗[39m The current Visual Studio installation is incomplete.
      Please use Visual Studio Installer to complete the
      installation or reinstall Visual Studio.

[33m[!][39m Android Studio (not installed)
    [32m•[39m Android Studio not found; download from
      https://developer.android.com/studio/index.html
      (or visit
      https://flutter.dev/docs/get-started/install/windows#and
      roid-setup for detailed instructions).

[32m[✓][39m VS Code (version 1.89.0)
    [32m•[39m VS Code at
      C:\Users\hatsu\AppData\Local\Programs\Microsoft VS Code
    [32m•[39m Flutter extension version 3.88.0

[32m[✓][39m Connected device (3 available)
    [32m•[39m Windows (desktop) • windows • windows-x64    • Microsoft
      Windows [Version 10.0.22631.3527]
    [32m•[39m Chrome (web)      • chrome  • web-javascript • Google
      Chrome 124.0.6367.119
    [32m•[39m Edge (web)        • edge    • web-javascript • Microsoft
      Edge 124.0.2478.80

[32m[✓][39m Network resources
    [32m•[39m All expected network resources are available.

[33m![39m Doctor found issues in 2 categories.
```
